{"/Users/tanushsavadi/Documents/CS520/finalProject_BiasChecker/cs520-team3/backend/app.js": {"path":"/Users/tanushsavadi/Documents/CS520/finalProject_BiasChecker/cs520-team3/backend/app.js","statementMap":{"0":{"start":{"line":1,"column":16},"end":{"line":1,"column":34}},"1":{"start":{"line":2,"column":19},"end":{"line":2,"column":41}},"2":{"start":{"line":3,"column":13},"end":{"line":3,"column":28}},"3":{"start":{"line":4,"column":17},"end":{"line":4,"column":36}},"4":{"start":{"line":6,"column":0},"end":{"line":6,"column":27}},"5":{"start":{"line":8,"column":13},"end":{"line":8,"column":22}},"6":{"start":{"line":9,"column":13},"end":{"line":9,"column":37}},"7":{"start":{"line":11,"column":17},"end":{"line":11,"column":35}},"8":{"start":{"line":13,"column":0},"end":{"line":16,"column":7}},"9":{"start":{"line":15,"column":8},"end":{"line":15,"column":41}},"10":{"start":{"line":19,"column":0},"end":{"line":19,"column":16}},"11":{"start":{"line":20,"column":0},"end":{"line":20,"column":27}},"12":{"start":{"line":21,"column":0},"end":{"line":21,"column":51}},"13":{"start":{"line":23,"column":0},"end":{"line":23,"column":43}},"14":{"start":{"line":25,"column":0},"end":{"line":25,"column":68}},"15":{"start":{"line":25,"column":22},"end":{"line":25,"column":66}},"16":{"start":{"line":26,"column":0},"end":{"line":29,"column":3}},"17":{"start":{"line":27,"column":2},"end":{"line":27,"column":27}},"18":{"start":{"line":28,"column":2},"end":{"line":28,"column":59}},"19":{"start":{"line":31,"column":0},"end":{"line":33,"column":3}},"20":{"start":{"line":32,"column":2},"end":{"line":32,"column":61}},"21":{"start":{"line":35,"column":0},"end":{"line":35,"column":21}}},"fnMap":{"0":{"name":"(anonymous_0)","decl":{"start":{"line":14,"column":10},"end":{"line":14,"column":11}},"loc":{"start":{"line":14,"column":16},"end":{"line":16,"column":5}},"line":14},"1":{"name":"(anonymous_1)","decl":{"start":{"line":25,"column":8},"end":{"line":25,"column":9}},"loc":{"start":{"line":25,"column":22},"end":{"line":25,"column":66}},"line":25},"2":{"name":"(anonymous_2)","decl":{"start":{"line":26,"column":8},"end":{"line":26,"column":9}},"loc":{"start":{"line":26,"column":33},"end":{"line":29,"column":1}},"line":26},"3":{"name":"(anonymous_3)","decl":{"start":{"line":31,"column":17},"end":{"line":31,"column":18}},"loc":{"start":{"line":31,"column":23},"end":{"line":33,"column":1}},"line":31}},"branchMap":{"0":{"loc":{"start":{"line":9,"column":13},"end":{"line":9,"column":37}},"type":"binary-expr","locations":[{"start":{"line":9,"column":13},"end":{"line":9,"column":29}},{"start":{"line":9,"column":33},"end":{"line":9,"column":37}}],"line":9}},"s":{"0":1,"1":1,"2":1,"3":1,"4":1,"5":1,"6":1,"7":1,"8":1,"9":1,"10":1,"11":1,"12":1,"13":1,"14":1,"15":0,"16":1,"17":0,"18":0,"19":1,"20":1,"21":1},"f":{"0":1,"1":0,"2":0,"3":1},"b":{"0":[1,1]},"_coverageSchema":"1a1c01bbd47fc00a2c39e90264f33305004495a9","hash":"0b6b68b7822bc5153ab28851b671ca9d97c46fdb"}
,"/Users/tanushsavadi/Documents/CS520/finalProject_BiasChecker/cs520-team3/backend/models/Interaction.js": {"path":"/Users/tanushsavadi/Documents/CS520/finalProject_BiasChecker/cs520-team3/backend/models/Interaction.js","statementMap":{"0":{"start":{"line":1,"column":17},"end":{"line":1,"column":36}},"1":{"start":{"line":3,"column":26},"end":{"line":30,"column":24}},"2":{"start":{"line":32,"column":0},"end":{"line":32,"column":66}}},"fnMap":{},"branchMap":{},"s":{"0":1,"1":1,"2":1},"f":{},"b":{},"_coverageSchema":"1a1c01bbd47fc00a2c39e90264f33305004495a9","hash":"bb89716ccaafffe88d871ad6292804c6ad9390b8"}
,"/Users/tanushsavadi/Documents/CS520/finalProject_BiasChecker/cs520-team3/backend/models/User.js": {"path":"/Users/tanushsavadi/Documents/CS520/finalProject_BiasChecker/cs520-team3/backend/models/User.js","statementMap":{"0":{"start":{"line":1,"column":17},"end":{"line":1,"column":36}},"1":{"start":{"line":3,"column":19},"end":{"line":13,"column":24}},"2":{"start":{"line":15,"column":0},"end":{"line":15,"column":52}}},"fnMap":{},"branchMap":{},"s":{"0":1,"1":1,"2":1},"f":{},"b":{},"_coverageSchema":"1a1c01bbd47fc00a2c39e90264f33305004495a9","hash":"982e7174e6827715ad3fd4295fd34a9b802f8329"}
,"/Users/tanushsavadi/Documents/CS520/finalProject_BiasChecker/cs520-team3/backend/routes/index.js": {"path":"/Users/tanushsavadi/Documents/CS520/finalProject_BiasChecker/cs520-team3/backend/routes/index.js","statementMap":{"0":{"start":{"line":1,"column":15},"end":{"line":1,"column":42}},"1":{"start":{"line":2,"column":13},"end":{"line":2,"column":38}},"2":{"start":{"line":3,"column":20},"end":{"line":3,"column":52}},"3":{"start":{"line":5,"column":0},"end":{"line":7,"column":3}},"4":{"start":{"line":6,"column":4},"end":{"line":6,"column":64}},"5":{"start":{"line":9,"column":0},"end":{"line":33,"column":3}},"6":{"start":{"line":10,"column":34},"end":{"line":10,"column":42}},"7":{"start":{"line":12,"column":4},"end":{"line":14,"column":5}},"8":{"start":{"line":13,"column":8},"end":{"line":13,"column":86}},"9":{"start":{"line":16,"column":4},"end":{"line":32,"column":5}},"10":{"start":{"line":17,"column":24},"end":{"line":17,"column":55}},"11":{"start":{"line":18,"column":26},"end":{"line":18,"column":46}},"12":{"start":{"line":19,"column":8},"end":{"line":19,"column":96}},"13":{"start":{"line":21,"column":8},"end":{"line":23,"column":9}},"14":{"start":{"line":22,"column":12},"end":{"line":22,"column":98}},"15":{"start":{"line":24,"column":8},"end":{"line":29,"column":11}},"16":{"start":{"line":31,"column":8},"end":{"line":31,"column":93}},"17":{"start":{"line":35,"column":0},"end":{"line":72,"column":3}},"18":{"start":{"line":36,"column":28},"end":{"line":36,"column":36}},"19":{"start":{"line":38,"column":4},"end":{"line":40,"column":5}},"20":{"start":{"line":39,"column":8},"end":{"line":39,"column":76}},"21":{"start":{"line":42,"column":4},"end":{"line":71,"column":5}},"22":{"start":{"line":43,"column":29},"end":{"line":43,"column":85}},"23":{"start":{"line":45,"column":8},"end":{"line":47,"column":9}},"24":{"start":{"line":46,"column":12},"end":{"line":46,"column":91}},"25":{"start":{"line":50,"column":24},"end":{"line":61,"column":14}},"26":{"start":{"line":51,"column":39},"end":{"line":51,"column":50}},"27":{"start":{"line":53,"column":12},"end":{"line":55,"column":13}},"28":{"start":{"line":54,"column":16},"end":{"line":54,"column":56}},"29":{"start":{"line":57,"column":12},"end":{"line":57,"column":35}},"30":{"start":{"line":58,"column":12},"end":{"line":58,"column":45}},"31":{"start":{"line":60,"column":12},"end":{"line":60,"column":23}},"32":{"start":{"line":63,"column":8},"end":{"line":63,"column":93}},"33":{"start":{"line":65,"column":8},"end":{"line":69,"column":11}},"34":{"start":{"line":70,"column":8},"end":{"line":70,"column":98}},"35":{"start":{"line":74,"column":0},"end":{"line":88,"column":3}},"36":{"start":{"line":75,"column":4},"end":{"line":87,"column":5}},"37":{"start":{"line":76,"column":30},"end":{"line":76,"column":39}},"38":{"start":{"line":78,"column":6},"end":{"line":80,"column":7}},"39":{"start":{"line":79,"column":8},"end":{"line":79,"column":75}},"40":{"start":{"line":82,"column":27},"end":{"line":82,"column":83}},"41":{"start":{"line":83,"column":6},"end":{"line":83,"column":29}},"42":{"start":{"line":85,"column":6},"end":{"line":85,"column":25}},"43":{"start":{"line":86,"column":6},"end":{"line":86,"column":54}},"44":{"start":{"line":90,"column":0},"end":{"line":126,"column":3}},"45":{"start":{"line":91,"column":4},"end":{"line":125,"column":5}},"46":{"start":{"line":92,"column":30},"end":{"line":92,"column":38}},"47":{"start":{"line":94,"column":6},"end":{"line":96,"column":7}},"48":{"start":{"line":95,"column":8},"end":{"line":95,"column":75}},"49":{"start":{"line":98,"column":27},"end":{"line":98,"column":83}},"50":{"start":{"line":100,"column":6},"end":{"line":102,"column":7}},"51":{"start":{"line":101,"column":8},"end":{"line":101,"column":89}},"52":{"start":{"line":104,"column":26},"end":{"line":104,"column":28}},"53":{"start":{"line":105,"column":6},"end":{"line":113,"column":9}},"54":{"start":{"line":106,"column":22},"end":{"line":106,"column":41}},"55":{"start":{"line":107,"column":8},"end":{"line":112,"column":11}},"56":{"start":{"line":108,"column":24},"end":{"line":108,"column":42}},"57":{"start":{"line":109,"column":10},"end":{"line":111,"column":11}},"58":{"start":{"line":110,"column":12},"end":{"line":110,"column":63}},"59":{"start":{"line":115,"column":27},"end":{"line":118,"column":32}},"60":{"start":{"line":116,"column":24},"end":{"line":116,"column":35}},"61":{"start":{"line":118,"column":26},"end":{"line":118,"column":31}},"62":{"start":{"line":120,"column":6},"end":{"line":120,"column":52}},"63":{"start":{"line":123,"column":6},"end":{"line":123,"column":25}},"64":{"start":{"line":124,"column":6},"end":{"line":124,"column":54}},"65":{"start":{"line":128,"column":0},"end":{"line":151,"column":3}},"66":{"start":{"line":129,"column":54},"end":{"line":129,"column":62}},"67":{"start":{"line":131,"column":4},"end":{"line":133,"column":5}},"68":{"start":{"line":132,"column":8},"end":{"line":132,"column":100}},"69":{"start":{"line":135,"column":4},"end":{"line":150,"column":5}},"70":{"start":{"line":136,"column":31},"end":{"line":136,"column":89}},"71":{"start":{"line":137,"column":8},"end":{"line":137,"column":36}},"72":{"start":{"line":138,"column":8},"end":{"line":138,"column":84}},"73":{"start":{"line":140,"column":8},"end":{"line":147,"column":11}},"74":{"start":{"line":149,"column":8},"end":{"line":149,"column":98}},"75":{"start":{"line":154,"column":0},"end":{"line":154,"column":24}}},"fnMap":{"0":{"name":"(anonymous_0)","decl":{"start":{"line":5,"column":16},"end":{"line":5,"column":17}},"loc":{"start":{"line":5,"column":36},"end":{"line":7,"column":1}},"line":5},"1":{"name":"(anonymous_1)","decl":{"start":{"line":9,"column":24},"end":{"line":9,"column":25}},"loc":{"start":{"line":9,"column":44},"end":{"line":33,"column":1}},"line":9},"2":{"name":"(anonymous_2)","decl":{"start":{"line":35,"column":28},"end":{"line":35,"column":29}},"loc":{"start":{"line":35,"column":48},"end":{"line":72,"column":1}},"line":35},"3":{"name":"(anonymous_3)","decl":{"start":{"line":50,"column":44},"end":{"line":50,"column":45}},"loc":{"start":{"line":50,"column":66},"end":{"line":61,"column":9}},"line":50},"4":{"name":"(anonymous_4)","decl":{"start":{"line":74,"column":32},"end":{"line":74,"column":33}},"loc":{"start":{"line":74,"column":52},"end":{"line":88,"column":1}},"line":74},"5":{"name":"(anonymous_5)","decl":{"start":{"line":90,"column":31},"end":{"line":90,"column":32}},"loc":{"start":{"line":90,"column":51},"end":{"line":126,"column":1}},"line":90},"6":{"name":"(anonymous_6)","decl":{"start":{"line":105,"column":27},"end":{"line":105,"column":28}},"loc":{"start":{"line":105,"column":43},"end":{"line":113,"column":7}},"line":105},"7":{"name":"(anonymous_7)","decl":{"start":{"line":107,"column":22},"end":{"line":107,"column":23}},"loc":{"start":{"line":107,"column":30},"end":{"line":112,"column":9}},"line":107},"8":{"name":"(anonymous_8)","decl":{"start":{"line":116,"column":14},"end":{"line":116,"column":15}},"loc":{"start":{"line":116,"column":24},"end":{"line":116,"column":35}},"line":116},"9":{"name":"(anonymous_9)","decl":{"start":{"line":118,"column":13},"end":{"line":118,"column":14}},"loc":{"start":{"line":118,"column":26},"end":{"line":118,"column":31}},"line":118},"10":{"name":"(anonymous_10)","decl":{"start":{"line":128,"column":31},"end":{"line":128,"column":32}},"loc":{"start":{"line":128,"column":51},"end":{"line":151,"column":1}},"line":128}},"branchMap":{"0":{"loc":{"start":{"line":12,"column":4},"end":{"line":14,"column":5}},"type":"if","locations":[{"start":{"line":12,"column":4},"end":{"line":14,"column":5}},{"start":{},"end":{}}],"line":12},"1":{"loc":{"start":{"line":12,"column":8},"end":{"line":12,"column":29}},"type":"binary-expr","locations":[{"start":{"line":12,"column":8},"end":{"line":12,"column":13}},{"start":{"line":12,"column":17},"end":{"line":12,"column":29}}],"line":12},"2":{"loc":{"start":{"line":21,"column":8},"end":{"line":23,"column":9}},"type":"if","locations":[{"start":{"line":21,"column":8},"end":{"line":23,"column":9}},{"start":{},"end":{}}],"line":21},"3":{"loc":{"start":{"line":38,"column":4},"end":{"line":40,"column":5}},"type":"if","locations":[{"start":{"line":38,"column":4},"end":{"line":40,"column":5}},{"start":{},"end":{}}],"line":38},"4":{"loc":{"start":{"line":45,"column":8},"end":{"line":47,"column":9}},"type":"if","locations":[{"start":{"line":45,"column":8},"end":{"line":47,"column":9}},{"start":{},"end":{}}],"line":45},"5":{"loc":{"start":{"line":53,"column":12},"end":{"line":55,"column":13}},"type":"if","locations":[{"start":{"line":53,"column":12},"end":{"line":55,"column":13}},{"start":{},"end":{}}],"line":53},"6":{"loc":{"start":{"line":78,"column":6},"end":{"line":80,"column":7}},"type":"if","locations":[{"start":{"line":78,"column":6},"end":{"line":80,"column":7}},{"start":{},"end":{}}],"line":78},"7":{"loc":{"start":{"line":94,"column":6},"end":{"line":96,"column":7}},"type":"if","locations":[{"start":{"line":94,"column":6},"end":{"line":96,"column":7}},{"start":{},"end":{}}],"line":94},"8":{"loc":{"start":{"line":100,"column":6},"end":{"line":102,"column":7}},"type":"if","locations":[{"start":{"line":100,"column":6},"end":{"line":102,"column":7}},{"start":{},"end":{}}],"line":100},"9":{"loc":{"start":{"line":100,"column":10},"end":{"line":100,"column":52}},"type":"binary-expr","locations":[{"start":{"line":100,"column":10},"end":{"line":100,"column":23}},{"start":{"line":100,"column":27},"end":{"line":100,"column":52}}],"line":100},"10":{"loc":{"start":{"line":109,"column":10},"end":{"line":111,"column":11}},"type":"if","locations":[{"start":{"line":109,"column":10},"end":{"line":111,"column":11}},{"start":{},"end":{}}],"line":109},"11":{"loc":{"start":{"line":110,"column":34},"end":{"line":110,"column":57}},"type":"binary-expr","locations":[{"start":{"line":110,"column":34},"end":{"line":110,"column":52}},{"start":{"line":110,"column":56},"end":{"line":110,"column":57}}],"line":110},"12":{"loc":{"start":{"line":131,"column":4},"end":{"line":133,"column":5}},"type":"if","locations":[{"start":{"line":131,"column":4},"end":{"line":133,"column":5}},{"start":{},"end":{}}],"line":131},"13":{"loc":{"start":{"line":131,"column":8},"end":{"line":131,"column":46}},"type":"binary-expr","locations":[{"start":{"line":131,"column":8},"end":{"line":131,"column":24}},{"start":{"line":131,"column":28},"end":{"line":131,"column":35}},{"start":{"line":131,"column":39},"end":{"line":131,"column":46}}],"line":131}},"s":{"0":1,"1":1,"2":1,"3":1,"4":0,"5":1,"6":5,"7":5,"8":1,"9":4,"10":4,"11":4,"12":2,"13":2,"14":1,"15":1,"16":1,"17":1,"18":4,"19":4,"20":1,"21":3,"22":3,"23":2,"24":1,"25":1,"26":3,"27":3,"28":2,"29":3,"30":3,"31":3,"32":1,"33":1,"34":1,"35":1,"36":0,"37":0,"38":0,"39":0,"40":0,"41":0,"42":0,"43":0,"44":1,"45":0,"46":0,"47":0,"48":0,"49":0,"50":0,"51":0,"52":0,"53":0,"54":0,"55":0,"56":0,"57":0,"58":0,"59":0,"60":0,"61":0,"62":0,"63":0,"64":0,"65":1,"66":0,"67":0,"68":0,"69":0,"70":0,"71":0,"72":0,"73":0,"74":0,"75":1},"f":{"0":0,"1":5,"2":4,"3":3,"4":0,"5":0,"6":0,"7":0,"8":0,"9":0,"10":0},"b":{"0":[1,4],"1":[5,5],"2":[1,1],"3":[1,3],"4":[1,1],"5":[2,1],"6":[0,0],"7":[0,0],"8":[0,0],"9":[0,0],"10":[0,0],"11":[0,0],"12":[0,0],"13":[0,0,0]},"_coverageSchema":"1a1c01bbd47fc00a2c39e90264f33305004495a9","hash":"7ece4fc90c4a5ffd1246aebffc08720e0edf06be"}
}
